<?xml version="1.0" encoding="UTF-8"?>
<!-- Generated by org.testng.reporters.JUnitReportReporter -->
<testsuite hostname="gireesha" name="com.traveledge.testcases_air.TRY" tests="1" failures="0" timestamp="4 Apr 2017 07:58:23 GMT" time="14.146" errors="0">
  <testcase name="unocoin" time="14.146" classname="com.traveledge.testcases_air.TRY"/>
</testsuite> <!-- com.traveledge.testcases_air.TRY -->
