<?xml version="1.0" encoding="UTF-8"?>
<!-- Generated by org.testng.reporters.JUnitReportReporter -->
<testsuite name="com.goeasy.testcases_finance.UserFlow6" tests="1" time="286.409" ignored="0" failures="0" timestamp="05 Jun 2017 05:50:04 GMT" skipped="0" hostname="adithya-pc" errors="0">
  <testcase name="getLoan" time="286.409" classname="com.goeasy.testcases_finance.UserFlow6"/>
</testsuite> <!-- com.goeasy.testcases_finance.UserFlow6 -->
