<?xml version="1.0" encoding="UTF-8"?>
<!-- Generated by org.testng.reporters.JUnitReportReporter -->
<testsuite name="com.goeasy.testcases_finance.UserFlow2" tests="1" time="245.799" ignored="0" failures="0" timestamp="05 Jun 2017 05:50:04 GMT" skipped="0" hostname="adithya-pc" errors="0">
  <testcase name="getLoan" time="245.799" classname="com.goeasy.testcases_finance.UserFlow2"/>
</testsuite> <!-- com.goeasy.testcases_finance.UserFlow2 -->
