<?xml version="1.0" encoding="UTF-8"?>
<!-- Generated by org.testng.reporters.JUnitReportReporter -->
<testsuite name="com.goeasy.testcases_finance.UserFlow3" tests="1" time="249.693" ignored="0" failures="0" timestamp="05 Jun 2017 05:50:04 GMT" skipped="0" hostname="adithya-pc" errors="0">
  <testcase name="getLoan" time="249.693" classname="com.goeasy.testcases_finance.UserFlow3"/>
</testsuite> <!-- com.goeasy.testcases_finance.UserFlow3 -->
