<?xml version="1.0" encoding="UTF-8"?>
<!-- Generated by org.testng.reporters.JUnitReportReporter -->
<testsuite name="com.goeasy.testcases_finanace.ClearDataSF" tests="1" time="197.701" ignored="0" failures="0" timestamp="02 May 2017 06:09:20 GMT" skipped="0" hostname="adithya-pc" errors="0">
  <testcase name="CancelApplication" time="197.701" classname="com.goeasy.testcases_finanace.ClearDataSF"/>
</testsuite> <!-- com.goeasy.testcases_finanace.ClearDataSF -->
