<?xml version="1.0" encoding="UTF-8"?>
<!-- Generated by org.testng.reporters.JUnitReportReporter -->
<testsuite skipped="0" hostname="VenugopalReddy" name="com.goeasy.testcases_finanace.GetLoan" tests="1" failures="0" timestamp="10 Apr 2017 06:08:59 GMT" time="82.052" errors="0">
  <testcase name="oneWayBook" time="82.052" classname="com.goeasy.testcases_finanace.GetLoan"/>
</testsuite> <!-- com.goeasy.testcases_finanace.GetLoan -->
