<?xml version="1.0" encoding="UTF-8"?>
<!-- Generated by org.testng.reporters.JUnitReportReporter -->
<testsuite name="com.goeasy.testcases_finance.ClearDataSF" tests="5" time="1070.165" ignored="0" failures="0" timestamp="05 Jun 2017 05:50:04 GMT" skipped="0" hostname="adithya-pc" errors="0">
  <testcase name="CancelApplication" time="213.472" classname="com.goeasy.testcases_finance.ClearDataSF"/>
  <testcase name="CancelApplication" time="205.897" classname="com.goeasy.testcases_finance.ClearDataSF"/>
  <testcase name="CancelApplication" time="213.544" classname="com.goeasy.testcases_finance.ClearDataSF"/>
  <testcase name="CancelApplication" time="226.614" classname="com.goeasy.testcases_finance.ClearDataSF"/>
  <testcase name="CancelApplication" time="210.638" classname="com.goeasy.testcases_finance.ClearDataSF"/>
</testsuite> <!-- com.goeasy.testcases_finance.ClearDataSF -->
