<?xml version="1.0" encoding="UTF-8"?>
<!-- Generated by org.testng.reporters.JUnitReportReporter -->
<testsuite name="com.goeasy.testcases_finance.UserFlow1" tests="1" time="207.178" ignored="0" failures="0" timestamp="05 Jun 2017 06:17:06 GMT" skipped="0" hostname="adithya-pc" errors="0">
  <testcase name="getLoan" time="207.178" classname="com.goeasy.testcases_finance.UserFlow1"/>
</testsuite> <!-- com.goeasy.testcases_finance.UserFlow1 -->
