<?xml version="1.0" encoding="UTF-8"?>
<!-- Generated by org.testng.reporters.JUnitReportReporter -->
<testsuite name="com.goeasy.testcases_finanace.UserFlow1" tests="1" time="123.990" ignored="0" failures="0" timestamp="02 May 2017 06:05:49 GMT" skipped="0" hostname="adithya-pc" errors="0">
  <testcase name="getLoan" time="123.990" classname="com.goeasy.testcases_finanace.UserFlow1"/>
</testsuite> <!-- com.goeasy.testcases_finanace.UserFlow1 -->
